<?xml version="1.0" encoding="UTF-8"?>
<testng-results ignored="0" total="2" passed="2" failed="0" skipped="0">
  <reporter-output>
  </reporter-output>
  <suite started-at="2020-10-21T12:40:29 IST" name="Default suite" finished-at="2020-10-21T12:40:46 IST" duration-ms="16982">
    <groups>
    </groups>
    <test started-at="2020-10-21T12:40:29 IST" name="Default test" finished-at="2020-10-21T12:40:46 IST" duration-ms="16982">
      <class name="amazonShareCode.PostTradeActions">
        <test-method is-config="true" signature="initialise()[pri:0, instance:amazonShareCode.PostTradeActions@78aab498]" started-at="2020-10-21T12:40:29 IST" name="initialise" finished-at="2020-10-21T12:40:39 IST" duration-ms="10348" status="PASS">
          <reporter-output>
          </reporter-output>
        </test-method> <!-- initialise -->
        <test-method signature="sendItems(java.lang.String)[pri:0, instance:amazonShareCode.PostTradeActions@78aab498]" started-at="2020-10-21T12:40:39 IST" name="sendItems" data-provider="getData" finished-at="2020-10-21T12:40:41 IST" duration-ms="2037" status="PASS">
          <params>
            <param index="0">
              <value>
                <![CDATA[XBOX]]>
              </value>
            </param>
          </params>
          <reporter-output>
          </reporter-output>
        </test-method> <!-- sendItems -->
        <test-method signature="actions()[pri:0, instance:amazonShareCode.PostTradeActions@78aab498]" started-at="2020-10-21T12:40:41 IST" name="actions" finished-at="2020-10-21T12:40:46 IST" duration-ms="4570" status="PASS">
          <reporter-output>
          </reporter-output>
        </test-method> <!-- actions -->
      </class> <!-- amazonShareCode.PostTradeActions -->
    </test> <!-- Default test -->
  </suite> <!-- Default suite -->
</testng-results>
